<?xml version="1.0" encoding="UTF-8" ?>
<testsuites>
  <testsuite errors="0" failures="0" id="0" name="ArrayUtilTest" package="org.eodisp.util" tests="10" time="0.137">
  
    <properties>
[...]
</properties>

      <testcase classname="org.eodisp.util.ArrayUtilTest" name="testListToString_0" time="0.024"></testcase>

      <testcase classname="org.eodisp.util.ArrayUtilTest" name="testListToString_1" time="0.0"></testcase>

      <testcase classname="org.eodisp.util.ArrayUtilTest" name="testListToString_2" time="0.0"></testcase>

      <testcase classname="org.eodisp.util.ArrayUtilTest" name="testListToString_3" time="0.0010"></testcase>

      <testcase classname="org.eodisp.util.ArrayUtilTest" name="testStringToList_0" time="0.0010"></testcase>

      <testcase classname="org.eodisp.util.ArrayUtilTest" name="testStringToList_1" time="0.0010"></testcase>

      <testcase classname="org.eodisp.util.ArrayUtilTest" name="testStringToList_2" time="0.0060"></testcase>

      <testcase classname="org.eodisp.util.ArrayUtilTest" name="testStringToList_3" time="0.0010"></testcase>

      <testcase classname="org.eodisp.util.ArrayUtilTest" name="testStringToList_4" time="0.0"></testcase>

      <testcase classname="org.eodisp.util.ArrayUtilTest" name="testStringToList_5" time="0.0070"></testcase>

      <system-out></system-out>

      <system-err></system-err>

  </testsuite>
  <testsuite errors="0" failures="0" id="1" name="RootAppTest" package="org.eodisp.util" tests="10" time="0.366">
  
    <properties>
[...]
</properties>

      <testcase classname="org.eodisp.util.RootAppTest" name="testRegistry" time="0.151"></testcase>

      <testcase classname="org.eodisp.util.RootAppTest" name="testRegisterConfiguration" time="0.024"></testcase>

      <testcase classname="org.eodisp.util.RootAppTest" name="testExecute" time="0.074"></testcase>

      <testcase classname="org.eodisp.util.RootAppTest" name="testExecuteIncrementalModuleAdditionsDuringConfigurationRegistration" time="0.01"></testcase>

      <testcase classname="org.eodisp.util.RootAppTest" name="testExecuteIncrementalModuleAdditionsAtPreStartup" time="0.0050"></testcase>

      <testcase classname="org.eodisp.util.RootAppTest" name="testExecuteIncrementalModuleAdditionsAtStartup" time="0.0050"></testcase>

      <testcase classname="org.eodisp.util.RootAppTest" name="testCommandLine" time="0.0070"></testcase>

      <testcase classname="org.eodisp.util.RootAppTest" name="testWorkingDir" time="0.04"></testcase>

      <testcase classname="org.eodisp.util.RootAppTest" name="testWorkingDirDefault" time="0.0020"></testcase>

      <testcase classname="org.eodisp.util.RootAppTest" name="testWorkingDirSystemProperty" time="0.0040"></testcase>

      <system-out></system-out>

      <system-err></system-err>

  </testsuite>
  <testsuite errors="0" failures="0" id="2" name="ZipUtilTest" package="org.eodisp.util" tests="1" time="0.435">
  
    <properties>
[...]
</properties>

      <testcase classname="org.eodisp.util.ZipUtilTest" name="testZip" time="0.371"></testcase>

      <system-out><![CDATA[hello
/tmp/zipTest11680
862
]]></system-out>

      <system-err></system-err>

  </testsuite>
  <testsuite errors="0" failures="0" id="3" name="ConfigurationTest" package="org.eodisp.util.configuration" tests="8" time="0.191">
  
    <properties>
[...]
</properties>

      <testcase classname="org.eodisp.util.configuration.ConfigurationTest" name="testLoad" time="0.126"></testcase>

      <testcase classname="org.eodisp.util.configuration.ConfigurationTest" name="testGetFile" time="0.0"></testcase>

      <testcase classname="org.eodisp.util.configuration.ConfigurationTest" name="testGetEnum" time="0.01"></testcase>

      <testcase classname="org.eodisp.util.configuration.ConfigurationTest" name="testSetEnum" time="0.0"></testcase>

      <testcase classname="org.eodisp.util.configuration.ConfigurationTest" name="testGetEnumSet" time="0.0060"></testcase>

      <testcase classname="org.eodisp.util.configuration.ConfigurationTest" name="testSetEnumSet" time="0.0"></testcase>

      <testcase classname="org.eodisp.util.configuration.ConfigurationTest" name="testNeedsSave" time="0.0040"></testcase>

      <testcase classname="org.eodisp.util.configuration.ConfigurationTest" name="testEqual" time="0.0020"></testcase>

      <system-out><![CDATA[ERROR  getEnum, Could not parse enum value in configuration entry: number. Return default value.
ERROR - Could not parse enum value in configuration entry: number. Return default value.
ERROR - Could not parse enum value in configuration entry: number. Return default value.
ERROR - Could not parse enum value in configuration entry: number. Return default value.
ERROR  getEnumSet, Could not parse enumSet value in configuration entry 'number' Return default value '[ONE]'
ERROR - Could not parse enumSet value in configuration entry 'number' Return default value '[ONE]'
ERROR - Could not parse enumSet value in configuration entry 'number' Return default value '[ONE]'
ERROR - Could not parse enumSet value in configuration entry 'number' Return default value '[ONE]'
ERROR - Could not parse enumSet value in configuration entry 'number' Return default value '[ONE]'
ERROR - Could not parse enumSet value in configuration entry 'number' Return default value '[ONE]'
]]></system-out>

      <system-err></system-err>

  </testsuite>
  <testsuite errors="0" failures="0" id="4" name="ManualCommandlineMapperTest" package="org.eodisp.util.configuration" tests="4" time="0.172">
  
    <properties>
[...]
</properties>

      <testcase classname="org.eodisp.util.configuration.ManualCommandlineMapperTest" name="testGetParametersConfiguration" time="0.127"></testcase>

      <testcase classname="org.eodisp.util.configuration.ManualCommandlineMapperTest" name="testManualMappings" time="0.0010"></testcase>

      <testcase classname="org.eodisp.util.configuration.ManualCommandlineMapperTest" name="testManualMappingsBasicMapping" time="0.0010"></testcase>

      <testcase classname="org.eodisp.util.configuration.ManualCommandlineMapperTest" name="testGetParametersConfigurationMapOfStringParamMapping" time="0.0"></testcase>

      <system-out></system-out>

      <system-err></system-err>

  </testsuite>
  <testsuite errors="0" failures="0" id="5" name="ProcessTest" package="org.eodisp.util.launcher" tests="4" time="2.622">
  
    <properties>
[...]
</properties>

      <testcase classname="org.eodisp.util.launcher.ProcessTest" name="testLaunch" time="0.247"></testcase>

      <testcase classname="org.eodisp.util.launcher.ProcessTest" name="testLaunch1" time="2.164"></testcase>

      <testcase classname="org.eodisp.util.launcher.ProcessTest" name="testLaunch_IllegalStateException" time="0.019"></testcase>

      <testcase classname="org.eodisp.util.launcher.ProcessTest" name="testKill" time="0.151"></testcase>

      <system-out><![CDATA[INFO   createProcess, Start new process: /opt/sun-jdk-1.5.0.07/jre/bin/java -classpath /home/ibirrer/workspaces/eodisp/eodisp_util/lib/ant/ant-1.6.5.jar:/home/ibirrer/workspaces/eodisp/eodisp_util/lib/ant/ant-launcher-1.6.5.jar:/home/ibirrer/workspaces/eodisp/eodisp_util/lib/cobertura/asm-2.2.1.jar:/home/ibirrer/workspaces/eodisp/eodisp_util/lib/cobertura/cobertura-1.8.jar:/home/ibirrer/workspaces/eodisp/eodisp_util/lib/cobertura/jakarta-oro-2.0.8.jar:/home/ibirrer/workspaces/eodisp/eodisp_util/lib/emf/org.eclipse.emf.common_2.2.0.v200606271057.jar:/home/ibirrer/workspaces/eodisp/eodisp_util/lib/emf/org.eclipse.emf.commonj.sdo_2.1.0.v200606271057.jar:/home/ibirrer/workspaces/eodisp/eodisp_util/lib/emf/org.eclipse.emf.ecore.change_2.2.0.v200606271057.jar:/home/ibirrer/workspaces/eodisp/eodisp_util/lib/emf/org.eclipse.emf.ecore.sdo_2.2.0.v200606271057.jar:/home/ibirrer/workspaces/eodisp/eodisp_util/lib/emf/org.eclipse.emf.ecore.xmi_2.2.0.v200606271057.jar:/home/ibirrer/workspaces/eodisp/eodisp_util/lib/emf/org.eclipse.emf.ecore_2.2.0.v200606271057.jar:/home/ibirrer/workspaces/eodisp/eodisp_util/lib/jcip/jcip-annotations.jar:/home/ibirrer/workspaces/eodisp/eodisp_util/lib/jsap/JSAP-2.1.jar:/home/ibirrer/workspaces/eodisp/eodisp_util/lib/junit/junit-3.8.1.jar:/home/ibirrer/workspaces/eodisp/eodisp_util/lib/log4j/log4j-1.2.13.jar:/home/ibirrer/workspaces/eodisp/eodisp_util/lib/saxon/saxon-8.7.jar:/home/ibirrer/workspaces/eodisp/eodisp_util/lib/umlGraph/UmlGraph-4.3.jar:/home/ibirrer/workspaces/eodisp/eodisp_util/classes:/home/ibirrer/workspaces/eodisp/eodisp_util:/opt/eclipse_3_2/eclipse/plugins/org.apache.ant_1.6.5/lib/ant-launcher.jar:/opt/eclipse_3_2/eclipse/plugins/org.apache.ant_1.6.5/lib/ant.jar:/opt/eclipse_3_2/eclipse/plugins/org.apache.ant_1.6.5/lib/ant-junit.jar org.eodisp.util.launcher.TestMain 0
INFO - Start new process: /opt/sun-jdk-1.5.0.07/jre/bin/java -classpath /home/ibirrer/workspaces/eodisp/eodisp_util/lib/ant/ant-1.6.5.jar:/home/ibirrer/workspaces/eodisp/eodisp_util/lib/ant/ant-launcher-1.6.5.jar:/home/ibirrer/workspaces/eodisp/eodisp_util/lib/cobertura/asm-2.2.1.jar:/home/ibirrer/workspaces/eodisp/eodisp_util/lib/cobertura/cobertura-1.8.jar:/home/ibirrer/workspaces/eodisp/eodisp_util/lib/cobertura/jakarta-oro-2.0.8.jar:/home/ibirrer/workspaces/eodisp/eodisp_util/lib/emf/org.eclipse.emf.common_2.2.0.v200606271057.jar:/home/ibirrer/workspaces/eodisp/eodisp_util/lib/emf/org.eclipse.emf.commonj.sdo_2.1.0.v200606271057.jar:/home/ibirrer/workspaces/eodisp/eodisp_util/lib/emf/org.eclipse.emf.ecore.change_2.2.0.v200606271057.jar:/home/ibirrer/workspaces/eodisp/eodisp_util/lib/emf/org.eclipse.emf.ecore.sdo_2.2.0.v200606271057.jar:/home/ibirrer/workspaces/eodisp/eodisp_util/lib/emf/org.eclipse.emf.ecore.xmi_2.2.0.v200606271057.jar:/home/ibirrer/workspaces/eodisp/eodisp_util/lib/emf/org.eclipse.emf.ecore_2.2.0.v200606271057.jar:/home/ibirrer/workspaces/eodisp/eodisp_util/lib/jcip/jcip-annotations.jar:/home/ibirrer/workspaces/eodisp/eodisp_util/lib/jsap/JSAP-2.1.jar:/home/ibirrer/workspaces/eodisp/eodisp_util/lib/junit/junit-3.8.1.jar:/home/ibirrer/workspaces/eodisp/eodisp_util/lib/log4j/log4j-1.2.13.jar:/home/ibirrer/workspaces/eodisp/eodisp_util/lib/saxon/saxon-8.7.jar:/home/ibirrer/workspaces/eodisp/eodisp_util/lib/umlGraph/UmlGraph-4.3.jar:/home/ibirrer/workspaces/eodisp/eodisp_util/classes:/home/ibirrer/workspaces/eodisp/eodisp_util:/opt/eclipse_3_2/eclipse/plugins/org.apache.ant_1.6.5/lib/ant-launcher.jar:/opt/eclipse_3_2/eclipse/plugins/org.apache.ant_1.6.5/lib/ant.jar:/opt/eclipse_3_2/eclipse/plugins/org.apache.ant_1.6.5/lib/ant-junit.jar org.eodisp.util.launcher.TestMain 0
INFO   executeJava, ExecuteJava: org.eodisp.util.launcher.TestMain
INFO - ExecuteJava: org.eodisp.util.launcher.TestMain
INFO   run, Process terminated: java.lang.UNIXProcess@97a560
INFO - Process terminated: java.lang.UNIXProcess@97a560
INFO   createProcess, Start new process: /opt/sun-jdk-1.5.0.07/jre/bin/java -classpath /home/ibirrer/workspaces/eodisp/eodisp_util/lib/ant/ant-1.6.5.jar:/home/ibirrer/workspaces/eodisp/eodisp_util/lib/ant/ant-launcher-1.6.5.jar:/home/ibirrer/workspaces/eodisp/eodisp_util/lib/cobertura/asm-2.2.1.jar:/home/ibirrer/workspaces/eodisp/eodisp_util/lib/cobertura/cobertura-1.8.jar:/home/ibirrer/workspaces/eodisp/eodisp_util/lib/cobertura/jakarta-oro-2.0.8.jar:/home/ibirrer/workspaces/eodisp/eodisp_util/lib/emf/org.eclipse.emf.common_2.2.0.v200606271057.jar:/home/ibirrer/workspaces/eodisp/eodisp_util/lib/emf/org.eclipse.emf.commonj.sdo_2.1.0.v200606271057.jar:/home/ibirrer/workspaces/eodisp/eodisp_util/lib/emf/org.eclipse.emf.ecore.change_2.2.0.v200606271057.jar:/home/ibirrer/workspaces/eodisp/eodisp_util/lib/emf/org.eclipse.emf.ecore.sdo_2.2.0.v200606271057.jar:/home/ibirrer/workspaces/eodisp/eodisp_util/lib/emf/org.eclipse.emf.ecore.xmi_2.2.0.v200606271057.jar:/home/ibirrer/workspaces/eodisp/eodisp_util/lib/emf/org.eclipse.emf.ecore_2.2.0.v200606271057.jar:/home/ibirrer/workspaces/eodisp/eodisp_util/lib/jcip/jcip-annotations.jar:/home/ibirrer/workspaces/eodisp/eodisp_util/lib/jsap/JSAP-2.1.jar:/home/ibirrer/workspaces/eodisp/eodisp_util/lib/junit/junit-3.8.1.jar:/home/ibirrer/workspaces/eodisp/eodisp_util/lib/log4j/log4j-1.2.13.jar:/home/ibirrer/workspaces/eodisp/eodisp_util/lib/saxon/saxon-8.7.jar:/home/ibirrer/workspaces/eodisp/eodisp_util/lib/umlGraph/UmlGraph-4.3.jar:/home/ibirrer/workspaces/eodisp/eodisp_util/classes:/home/ibirrer/workspaces/eodisp/eodisp_util:/opt/eclipse_3_2/eclipse/plugins/org.apache.ant_1.6.5/lib/ant-launcher.jar:/opt/eclipse_3_2/eclipse/plugins/org.apache.ant_1.6.5/lib/ant.jar:/opt/eclipse_3_2/eclipse/plugins/org.apache.ant_1.6.5/lib/ant-junit.jar org.eodisp.util.launcher.TestMain 2
INFO - Start new process: /opt/sun-jdk-1.5.0.07/jre/bin/java -classpath /home/ibirrer/workspaces/eodisp/eodisp_util/lib/ant/ant-1.6.5.jar:/home/ibirrer/workspaces/eodisp/eodisp_util/lib/ant/ant-launcher-1.6.5.jar:/home/ibirrer/workspaces/eodisp/eodisp_util/lib/cobertura/asm-2.2.1.jar:/home/ibirrer/workspaces/eodisp/eodisp_util/lib/cobertura/cobertura-1.8.jar:/home/ibirrer/workspaces/eodisp/eodisp_util/lib/cobertura/jakarta-oro-2.0.8.jar:/home/ibirrer/workspaces/eodisp/eodisp_util/lib/emf/org.eclipse.emf.common_2.2.0.v200606271057.jar:/home/ibirrer/workspaces/eodisp/eodisp_util/lib/emf/org.eclipse.emf.commonj.sdo_2.1.0.v200606271057.jar:/home/ibirrer/workspaces/eodisp/eodisp_util/lib/emf/org.eclipse.emf.ecore.change_2.2.0.v200606271057.jar:/home/ibirrer/workspaces/eodisp/eodisp_util/lib/emf/org.eclipse.emf.ecore.sdo_2.2.0.v200606271057.jar:/home/ibirrer/workspaces/eodisp/eodisp_util/lib/emf/org.eclipse.emf.ecore.xmi_2.2.0.v200606271057.jar:/home/ibirrer/workspaces/eodisp/eodisp_util/lib/emf/org.eclipse.emf.ecore_2.2.0.v200606271057.jar:/home/ibirrer/workspaces/eodisp/eodisp_util/lib/jcip/jcip-annotations.jar:/home/ibirrer/workspaces/eodisp/eodisp_util/lib/jsap/JSAP-2.1.jar:/home/ibirrer/workspaces/eodisp/eodisp_util/lib/junit/junit-3.8.1.jar:/home/ibirrer/workspaces/eodisp/eodisp_util/lib/log4j/log4j-1.2.13.jar:/home/ibirrer/workspaces/eodisp/eodisp_util/lib/saxon/saxon-8.7.jar:/home/ibirrer/workspaces/eodisp/eodisp_util/lib/umlGraph/UmlGraph-4.3.jar:/home/ibirrer/workspaces/eodisp/eodisp_util/classes:/home/ibirrer/workspaces/eodisp/eodisp_util:/opt/eclipse_3_2/eclipse/plugins/org.apache.ant_1.6.5/lib/ant-launcher.jar:/opt/eclipse_3_2/eclipse/plugins/org.apache.ant_1.6.5/lib/ant.jar:/opt/eclipse_3_2/eclipse/plugins/org.apache.ant_1.6.5/lib/ant-junit.jar org.eodisp.util.launcher.TestMain 2
INFO   executeJava, ExecuteJava: org.eodisp.util.launcher.TestMain
INFO - ExecuteJava: org.eodisp.util.launcher.TestMain
INFO   run, Process terminated: java.lang.UNIXProcess@c68c3
INFO - Process terminated: java.lang.UNIXProcess@c68c3
INFO   createProcess, Start new process: /opt/sun-jdk-1.5.0.07/jre/bin/java -classpath /home/ibirrer/workspaces/eodisp/eodisp_util/lib/ant/ant-1.6.5.jar:/home/ibirrer/workspaces/eodisp/eodisp_util/lib/ant/ant-launcher-1.6.5.jar:/home/ibirrer/workspaces/eodisp/eodisp_util/lib/cobertura/asm-2.2.1.jar:/home/ibirrer/workspaces/eodisp/eodisp_util/lib/cobertura/cobertura-1.8.jar:/home/ibirrer/workspaces/eodisp/eodisp_util/lib/cobertura/jakarta-oro-2.0.8.jar:/home/ibirrer/workspaces/eodisp/eodisp_util/lib/emf/org.eclipse.emf.common_2.2.0.v200606271057.jar:/home/ibirrer/workspaces/eodisp/eodisp_util/lib/emf/org.eclipse.emf.commonj.sdo_2.1.0.v200606271057.jar:/home/ibirrer/workspaces/eodisp/eodisp_util/lib/emf/org.eclipse.emf.ecore.change_2.2.0.v200606271057.jar:/home/ibirrer/workspaces/eodisp/eodisp_util/lib/emf/org.eclipse.emf.ecore.sdo_2.2.0.v200606271057.jar:/home/ibirrer/workspaces/eodisp/eodisp_util/lib/emf/org.eclipse.emf.ecore.xmi_2.2.0.v200606271057.jar:/home/ibirrer/workspaces/eodisp/eodisp_util/lib/emf/org.eclipse.emf.ecore_2.2.0.v200606271057.jar:/home/ibirrer/workspaces/eodisp/eodisp_util/lib/jcip/jcip-annotations.jar:/home/ibirrer/workspaces/eodisp/eodisp_util/lib/jsap/JSAP-2.1.jar:/home/ibirrer/workspaces/eodisp/eodisp_util/lib/junit/junit-3.8.1.jar:/home/ibirrer/workspaces/eodisp/eodisp_util/lib/log4j/log4j-1.2.13.jar:/home/ibirrer/workspaces/eodisp/eodisp_util/lib/saxon/saxon-8.7.jar:/home/ibirrer/workspaces/eodisp/eodisp_util/lib/umlGraph/UmlGraph-4.3.jar:/home/ibirrer/workspaces/eodisp/eodisp_util/classes:/home/ibirrer/workspaces/eodisp/eodisp_util:/opt/eclipse_3_2/eclipse/plugins/org.apache.ant_1.6.5/lib/ant-launcher.jar:/opt/eclipse_3_2/eclipse/plugins/org.apache.ant_1.6.5/lib/ant.jar:/opt/eclipse_3_2/eclipse/plugins/org.apache.ant_1.6.5/lib/ant-junit.jar org.eodisp.util.launcher.TestMain 10
INFO - Start new process: /opt/sun-jdk-1.5.0.07/jre/bin/java -classpath /home/ibirrer/workspaces/eodisp/eodisp_util/lib/ant/ant-1.6.5.jar:/home/ibirrer/workspaces/eodisp/eodisp_util/lib/ant/ant-launcher-1.6.5.jar:/home/ibirrer/workspaces/eodisp/eodisp_util/lib/cobertura/asm-2.2.1.jar:/home/ibirrer/workspaces/eodisp/eodisp_util/lib/cobertura/cobertura-1.8.jar:/home/ibirrer/workspaces/eodisp/eodisp_util/lib/cobertura/jakarta-oro-2.0.8.jar:/home/ibirrer/workspaces/eodisp/eodisp_util/lib/emf/org.eclipse.emf.common_2.2.0.v200606271057.jar:/home/ibirrer/workspaces/eodisp/eodisp_util/lib/emf/org.eclipse.emf.commonj.sdo_2.1.0.v200606271057.jar:/home/ibirrer/workspaces/eodisp/eodisp_util/lib/emf/org.eclipse.emf.ecore.change_2.2.0.v200606271057.jar:/home/ibirrer/workspaces/eodisp/eodisp_util/lib/emf/org.eclipse.emf.ecore.sdo_2.2.0.v200606271057.jar:/home/ibirrer/workspaces/eodisp/eodisp_util/lib/emf/org.eclipse.emf.ecore.xmi_2.2.0.v200606271057.jar:/home/ibirrer/workspaces/eodisp/eodisp_util/lib/emf/org.eclipse.emf.ecore_2.2.0.v200606271057.jar:/home/ibirrer/workspaces/eodisp/eodisp_util/lib/jcip/jcip-annotations.jar:/home/ibirrer/workspaces/eodisp/eodisp_util/lib/jsap/JSAP-2.1.jar:/home/ibirrer/workspaces/eodisp/eodisp_util/lib/junit/junit-3.8.1.jar:/home/ibirrer/workspaces/eodisp/eodisp_util/lib/log4j/log4j-1.2.13.jar:/home/ibirrer/workspaces/eodisp/eodisp_util/lib/saxon/saxon-8.7.jar:/home/ibirrer/workspaces/eodisp/eodisp_util/lib/umlGraph/UmlGraph-4.3.jar:/home/ibirrer/workspaces/eodisp/eodisp_util/classes:/home/ibirrer/workspaces/eodisp/eodisp_util:/opt/eclipse_3_2/eclipse/plugins/org.apache.ant_1.6.5/lib/ant-launcher.jar:/opt/eclipse_3_2/eclipse/plugins/org.apache.ant_1.6.5/lib/ant.jar:/opt/eclipse_3_2/eclipse/plugins/org.apache.ant_1.6.5/lib/ant-junit.jar org.eodisp.util.launcher.TestMain 10
INFO   executeJava, ExecuteJava: org.eodisp.util.launcher.TestMain
INFO - ExecuteJava: org.eodisp.util.launcher.TestMain
INFO   createProcess, Start new process: /opt/sun-jdk-1.5.0.07/jre/bin/java -classpath /home/ibirrer/workspaces/eodisp/eodisp_util/lib/ant/ant-1.6.5.jar:/home/ibirrer/workspaces/eodisp/eodisp_util/lib/ant/ant-launcher-1.6.5.jar:/home/ibirrer/workspaces/eodisp/eodisp_util/lib/cobertura/asm-2.2.1.jar:/home/ibirrer/workspaces/eodisp/eodisp_util/lib/cobertura/cobertura-1.8.jar:/home/ibirrer/workspaces/eodisp/eodisp_util/lib/cobertura/jakarta-oro-2.0.8.jar:/home/ibirrer/workspaces/eodisp/eodisp_util/lib/emf/org.eclipse.emf.common_2.2.0.v200606271057.jar:/home/ibirrer/workspaces/eodisp/eodisp_util/lib/emf/org.eclipse.emf.commonj.sdo_2.1.0.v200606271057.jar:/home/ibirrer/workspaces/eodisp/eodisp_util/lib/emf/org.eclipse.emf.ecore.change_2.2.0.v200606271057.jar:/home/ibirrer/workspaces/eodisp/eodisp_util/lib/emf/org.eclipse.emf.ecore.sdo_2.2.0.v200606271057.jar:/home/ibirrer/workspaces/eodisp/eodisp_util/lib/emf/org.eclipse.emf.ecore.xmi_2.2.0.v200606271057.jar:/home/ibirrer/workspaces/eodisp/eodisp_util/lib/emf/org.eclipse.emf.ecore_2.2.0.v200606271057.jar:/home/ibirrer/workspaces/eodisp/eodisp_util/lib/jcip/jcip-annotations.jar:/home/ibirrer/workspaces/eodisp/eodisp_util/lib/jsap/JSAP-2.1.jar:/home/ibirrer/workspaces/eodisp/eodisp_util/lib/junit/junit-3.8.1.jar:/home/ibirrer/workspaces/eodisp/eodisp_util/lib/log4j/log4j-1.2.13.jar:/home/ibirrer/workspaces/eodisp/eodisp_util/lib/saxon/saxon-8.7.jar:/home/ibirrer/workspaces/eodisp/eodisp_util/lib/umlGraph/UmlGraph-4.3.jar:/home/ibirrer/workspaces/eodisp/eodisp_util/classes:/home/ibirrer/workspaces/eodisp/eodisp_util:/opt/eclipse_3_2/eclipse/plugins/org.apache.ant_1.6.5/lib/ant-launcher.jar:/opt/eclipse_3_2/eclipse/plugins/org.apache.ant_1.6.5/lib/ant.jar:/opt/eclipse_3_2/eclipse/plugins/org.apache.ant_1.6.5/lib/ant-junit.jar org.eodisp.util.launcher.TestMain 10
INFO - Start new process: /opt/sun-jdk-1.5.0.07/jre/bin/java -classpath /home/ibirrer/workspaces/eodisp/eodisp_util/lib/ant/ant-1.6.5.jar:/home/ibirrer/workspaces/eodisp/eodisp_util/lib/ant/ant-launcher-1.6.5.jar:/home/ibirrer/workspaces/eodisp/eodisp_util/lib/cobertura/asm-2.2.1.jar:/home/ibirrer/workspaces/eodisp/eodisp_util/lib/cobertura/cobertura-1.8.jar:/home/ibirrer/workspaces/eodisp/eodisp_util/lib/cobertura/jakarta-oro-2.0.8.jar:/home/ibirrer/workspaces/eodisp/eodisp_util/lib/emf/org.eclipse.emf.common_2.2.0.v200606271057.jar:/home/ibirrer/workspaces/eodisp/eodisp_util/lib/emf/org.eclipse.emf.commonj.sdo_2.1.0.v200606271057.jar:/home/ibirrer/workspaces/eodisp/eodisp_util/lib/emf/org.eclipse.emf.ecore.change_2.2.0.v200606271057.jar:/home/ibirrer/workspaces/eodisp/eodisp_util/lib/emf/org.eclipse.emf.ecore.sdo_2.2.0.v200606271057.jar:/home/ibirrer/workspaces/eodisp/eodisp_util/lib/emf/org.eclipse.emf.ecore.xmi_2.2.0.v200606271057.jar:/home/ibirrer/workspaces/eodisp/eodisp_util/lib/emf/org.eclipse.emf.ecore_2.2.0.v200606271057.jar:/home/ibirrer/workspaces/eodisp/eodisp_util/lib/jcip/jcip-annotations.jar:/home/ibirrer/workspaces/eodisp/eodisp_util/lib/jsap/JSAP-2.1.jar:/home/ibirrer/workspaces/eodisp/eodisp_util/lib/junit/junit-3.8.1.jar:/home/ibirrer/workspaces/eodisp/eodisp_util/lib/log4j/log4j-1.2.13.jar:/home/ibirrer/workspaces/eodisp/eodisp_util/lib/saxon/saxon-8.7.jar:/home/ibirrer/workspaces/eodisp/eodisp_util/lib/umlGraph/UmlGraph-4.3.jar:/home/ibirrer/workspaces/eodisp/eodisp_util/classes:/home/ibirrer/workspaces/eodisp/eodisp_util:/opt/eclipse_3_2/eclipse/plugins/org.apache.ant_1.6.5/lib/ant-launcher.jar:/opt/eclipse_3_2/eclipse/plugins/org.apache.ant_1.6.5/lib/ant.jar:/opt/eclipse_3_2/eclipse/plugins/org.apache.ant_1.6.5/lib/ant-junit.jar org.eodisp.util.launcher.TestMain 10
INFO   executeJava, ExecuteJava: org.eodisp.util.launcher.TestMain
INFO - ExecuteJava: org.eodisp.util.launcher.TestMain
INFO   run, Process terminated: java.lang.UNIXProcess@406199
INFO - Process terminated: java.lang.UNIXProcess@406199
]]></system-out>

      <system-err></system-err>

  </testsuite>
</testsuites>
